0 info it worked if it ends with ok
1 verbose cli [ '/usr/bin/node', '/usr/bin/npm', 'run', 'build' ]
2 info using npm@3.5.2
3 info using node@v8.10.0
4 verbose run-script [ 'prebuild', 'build', 'postbuild' ]
5 info lifecycle vue-dynamic-multiselect@1.0.5~prebuild: vue-dynamic-multiselect@1.0.5
6 silly lifecycle vue-dynamic-multiselect@1.0.5~prebuild: no script for prebuild, continuing
7 info lifecycle vue-dynamic-multiselect@1.0.5~build: vue-dynamic-multiselect@1.0.5
8 verbose lifecycle vue-dynamic-multiselect@1.0.5~build: unsafe-perm in lifecycle true
9 verbose lifecycle vue-dynamic-multiselect@1.0.5~build: PATH: /usr/share/npm/bin/node-gyp-bin:/home/smontgomery/Projects/vue-dynamic-multiselect/node_modules/.bin:/home/smontgomery/.config/composer/vendor/bin:/home/smontgomery/.config/composer/vendor/bin:/usr/local/sbin:/usr/local/bin:/usr/sbin:/usr/bin:/sbin:/bin:/usr/games:/usr/local/games:/snap/bin
10 verbose lifecycle vue-dynamic-multiselect@1.0.5~build: CWD: /home/smontgomery/Projects/vue-dynamic-multiselect
11 silly lifecycle vue-dynamic-multiselect@1.0.5~build: Args: [ '-c',
11 silly lifecycle   'npm run build:umd & npm run build:es & npm run build:unpkg' ]
12 silly lifecycle vue-dynamic-multiselect@1.0.5~build: Returned: code: 1  signal: null
13 info lifecycle vue-dynamic-multiselect@1.0.5~build: Failed to exec build script
14 verbose stack Error: vue-dynamic-multiselect@1.0.5 build: `npm run build:umd & npm run build:es & npm run build:unpkg`
14 verbose stack Exit status 1
14 verbose stack     at EventEmitter.<anonymous> (/usr/share/npm/lib/utils/lifecycle.js:232:16)
14 verbose stack     at emitTwo (events.js:126:13)
14 verbose stack     at EventEmitter.emit (events.js:214:7)
14 verbose stack     at ChildProcess.<anonymous> (/usr/share/npm/lib/utils/spawn.js:24:14)
14 verbose stack     at emitTwo (events.js:126:13)
14 verbose stack     at ChildProcess.emit (events.js:214:7)
14 verbose stack     at maybeClose (internal/child_process.js:925:16)
14 verbose stack     at Process.ChildProcess._handle.onexit (internal/child_process.js:209:5)
15 verbose pkgid vue-dynamic-multiselect@1.0.5
16 verbose cwd /home/smontgomery/Projects/vue-dynamic-multiselect/build
17 error Linux 4.18.0-20-generic
18 error argv "/usr/bin/node" "/usr/bin/npm" "run" "build"
19 error node v8.10.0
20 error npm  v3.5.2
21 error code ELIFECYCLE
22 error vue-dynamic-multiselect@1.0.5 build: `npm run build:umd & npm run build:es & npm run build:unpkg`
22 error Exit status 1
23 error Failed at the vue-dynamic-multiselect@1.0.5 build script 'npm run build:umd & npm run build:es & npm run build:unpkg'.
23 error Make sure you have the latest version of node.js and npm installed.
23 error If you do, this is most likely a problem with the vue-dynamic-multiselect package,
23 error not with npm itself.
23 error Tell the author that this fails on your system:
23 error     npm run build:umd & npm run build:es & npm run build:unpkg
23 error You can get information on how to open an issue for this project with:
23 error     npm bugs vue-dynamic-multiselect
23 error Or if that isn't available, you can get their info via:
23 error     npm owner ls vue-dynamic-multiselect
23 error There is likely additional logging output above.
24 verbose exit [ 1, true ]
